2025-12-31 11:01:09,737 : === Starting Naukri Batch Applicant ===
2025-12-31 11:01:12,770 : Logging in...
2025-12-31 11:01:34,035 : Login Successful.
2025-12-31 11:01:34,050 : 
=== BATCH SESSION 1 ===
2025-12-31 11:01:37,732 : 
--- Scanning: Recommended ---
2025-12-31 11:01:42,776 :    -> Found 65 checkboxes. Selecting 5...
2025-12-31 11:01:45,936 :    -> Found Button: 'Apply 5 Jobs'
2025-12-31 11:01:46,057 :    -> Clicked Bulk Apply.
2025-12-31 11:01:51,063 : Batch limit reached. Sleeping for 266 seconds...
2025-12-31 11:06:17,096 : 
=== BATCH SESSION 2 ===
2025-12-31 11:06:22,488 : 
--- Scanning: Recommended ---
2025-12-31 11:06:27,542 :    -> Found 60 checkboxes. Selecting 5...
2025-12-31 11:06:30,086 :    -> Found Button: 'Apply 5 Jobs'
2025-12-31 11:06:30,165 :    -> Clicked Bulk Apply.
2025-12-31 11:06:35,167 : Batch limit reached. Sleeping for 191 seconds...
2025-12-31 11:09:46,211 : 
=== BATCH SESSION 3 ===
2025-12-31 11:09:54,898 : 
--- Scanning: Recommended ---
2025-12-31 11:10:00,052 :    -> Found 56 checkboxes. Selecting 5...
2025-12-31 11:10:04,375 :    -> Found Button: 'Apply 5 Jobs'
2025-12-31 11:10:04,493 :    -> Clicked Bulk Apply.
2025-12-31 11:10:09,498 : Batch limit reached. Sleeping for 246 seconds...
2025-12-31 11:12:47,253 : Script stopped by user.
2025-12-31 11:12:55,969 : === Starting Naukri Batch Applicant ===
2025-12-31 11:12:58,239 : Logging in...
2025-12-31 11:13:19,064 : Login Successful.
2025-12-31 11:13:19,076 : 
=== BATCH SESSION 1 ===
2025-12-31 11:13:20,373 : 
--- Scanning: Recommended ---
2025-12-31 11:13:25,402 :    -> Found 52 checkboxes. Selecting 5...
2025-12-31 11:13:29,188 :    -> Found Button: 'Apply 5 Jobs'
2025-12-31 11:13:29,274 :    -> Clicked Bulk Apply.
2025-12-31 11:13:34,276 : Batch limit reached. Sleeping for 261 seconds...
2025-12-31 11:17:55,326 : 
=== BATCH SESSION 2 ===
2025-12-31 11:18:02,178 : 
--- Scanning: Recommended ---
2025-12-31 11:18:07,223 :    -> Found 50 checkboxes. Selecting 5...
2025-12-31 11:18:10,091 :    -> Found Button: 'Apply 5 Jobs'
2025-12-31 11:18:10,186 :    -> Clicked Bulk Apply.
2025-12-31 11:18:15,194 : Batch limit reached. Sleeping for 214 seconds...
2025-12-31 11:21:49,245 : 
=== BATCH SESSION 3 ===
2025-12-31 11:21:51,651 : 
--- Scanning: Recommended ---
2025-12-31 11:21:56,701 :    -> Found 49 checkboxes. Selecting 5...
2025-12-31 11:21:59,664 :    -> Found Button: 'Apply 5 Jobs'
2025-12-31 11:21:59,776 :    -> Clicked Bulk Apply.
2025-12-31 11:22:04,780 : Batch limit reached. Sleeping for 270 seconds...
2025-12-31 11:26:34,841 : 
=== BATCH SESSION 4 ===
2025-12-31 11:26:35,653 : 
--- Scanning: Recommended ---
2025-12-31 11:26:40,700 :    -> Found 48 checkboxes. Selecting 5...
2025-12-31 11:26:43,306 :    -> Found Button: 'Apply 5 Jobs'
2025-12-31 11:26:43,369 :    -> Clicked Bulk Apply.
2025-12-31 11:26:48,372 : Batch limit reached. Sleeping for 227 seconds...
2025-12-31 11:29:15,792 : Script stopped by user.
2025-12-31 11:29:19,999 : Retrying (Retry(total=2, connect=None, read=None, redirect=None, status=None)) after connection broken by 'NewConnectionError("HTTPConnection(host='localhost', port=62568): Failed to establish a new connection: [WinError 10061] No connection could be made because the target machine actively refused it")': /session/971cae1485e37afe1845e12b8d18983a
2025-12-31 11:29:24,098 : Retrying (Retry(total=1, connect=None, read=None, redirect=None, status=None)) after connection broken by 'NewConnectionError("HTTPConnection(host='localhost', port=62568): Failed to establish a new connection: [WinError 10061] No connection could be made because the target machine actively refused it")': /session/971cae1485e37afe1845e12b8d18983a
2025-12-31 11:29:28,195 : Retrying (Retry(total=0, connect=None, read=None, redirect=None, status=None)) after connection broken by 'NewConnectionError("HTTPConnection(host='localhost', port=62568): Failed to establish a new connection: [WinError 10061] No connection could be made because the target machine actively refused it")': /session/971cae1485e37afe1845e12b8d18983a
2025-12-31 11:29:32,287 : Driver closed.
2025-12-31 11:30:17,480 : === Starting Naukri Batch Applicant ===
2025-12-31 11:30:20,933 : Logging in...
2025-12-31 11:30:41,426 : Login Successful.
2025-12-31 11:30:41,436 : 
=== BATCH SESSION 1 ===
2025-12-31 11:30:43,394 : 
--- Scanning: Recommended ---
2025-12-31 11:30:48,450 :    -> Found 47 checkboxes. Selecting 5...
2025-12-31 11:30:51,989 :    -> Found Button: 'Apply 5 Jobs'
2025-12-31 11:30:52,130 :    -> Clicked Bulk Apply.
2025-12-31 11:30:57,134 : Batch limit reached. Sleeping for 188 seconds...
2025-12-31 11:34:05,168 : 
=== BATCH SESSION 2 ===
2025-12-31 11:34:08,797 : 
--- Scanning: Recommended ---
2025-12-31 11:34:13,847 :    -> Found 47 checkboxes. Selecting 5...
2025-12-31 11:34:16,620 :    -> Found Button: 'Apply 5 Jobs'
2025-12-31 11:34:16,717 :    -> Clicked Bulk Apply.
2025-12-31 11:34:21,723 : Batch limit reached. Sleeping for 190 seconds...
2025-12-31 11:37:31,762 : 
=== BATCH SESSION 3 ===
2025-12-31 11:37:31,875 : Critical Error: Message: invalid session id: session deleted as the browser has closed the connection
from disconnected: not connected to DevTools
  (Session info: chrome=143.0.7499.110); For documentation on this error, please visit: https://www.selenium.dev/documentation/webdriver/troubleshooting/errors#invalidsessionidexception
Stacktrace:
Symbols not available. Dumping unresolved backtrace:
	0x7ff617df88e5
	0x7ff617df8940
	0x7ff617bd165d
	0x7ff617bbd202
	0x7ff617be27af
	0x7ff617c59a29
	0x7ff617c7a5c2
	0x7ff617c1ac29
	0x7ff617c1ba93
	0x7ff618110640
	0x7ff61810af80
	0x7ff6181296e6
	0x7ff617e15de4
	0x7ff617e1ed8c
	0x7ff617e02004
	0x7ff617e021b5
	0x7ff617de7ee2
	0x7ffa16e6e8d7
	0x7ffa172cc53c

2025-12-31 11:37:35,084 : Driver closed.
2025-12-31 11:39:42,805 : === Starting Naukri Batch Applicant ===
2025-12-31 11:39:45,053 : Logging in...
2025-12-31 11:39:50,513 :    -> Checking for blocking popups...
2025-12-31 11:40:07,697 : Login Successful.
2025-12-31 11:40:07,699 : 
=== BATCH SESSION 1 ===
2025-12-31 11:40:10,265 : 
--- Scanning: Recommended ---
2025-12-31 11:40:13,268 :    -> Checking for blocking popups...
2025-12-31 11:40:21,636 :    -> Found 47 checkboxes. Selecting 5...
2025-12-31 11:40:21,636 :    -> Checking for blocking popups...
2025-12-31 11:40:30,286 :    -> Checking for blocking popups...
2025-12-31 11:40:38,981 :    -> Checking for blocking popups...
2025-12-31 11:40:47,749 :    -> Checking for blocking popups...
2025-12-31 11:40:56,537 :    -> Checking for blocking popups...
2025-12-31 11:41:05,424 :    -> Found Button: 'Apply 5 Jobs'
2025-12-31 11:41:07,509 :    -> Checking for blocking popups...
2025-12-31 11:41:08,569 :    -> Found Close Button (//div[contains(@class, 'crossIcon')]). Clicking...
2025-12-31 11:41:12,614 : Batch limit reached. Sleeping for 257 seconds...
2025-12-31 11:45:29,650 : 
=== BATCH SESSION 2 ===
2025-12-31 11:45:31,784 : 
--- Scanning: Recommended ---
2025-12-31 11:45:34,785 :    -> Checking for blocking popups...
2025-12-31 11:45:43,137 :    -> Found 47 checkboxes. Selecting 5...
2025-12-31 11:45:43,137 :    -> Checking for blocking popups...
2025-12-31 11:45:51,916 :    -> Checking for blocking popups...
2025-12-31 11:46:00,852 :    -> Checking for blocking popups...
2025-12-31 11:46:09,750 :    -> Checking for blocking popups...
2025-12-31 11:46:18,586 :    -> Checking for blocking popups...
2025-12-31 11:46:27,424 :    -> Found Button: 'Apply 5 Jobs'
2025-12-31 11:46:29,569 :    -> Checking for blocking popups...
2025-12-31 11:46:30,630 :    -> Found Close Button (//div[contains(@class, 'crossIcon')]). Clicking...
2025-12-31 11:46:34,669 : Batch limit reached. Sleeping for 230 seconds...
2025-12-31 11:50:24,707 : 
=== BATCH SESSION 3 ===
2025-12-31 11:50:26,929 : 
--- Scanning: Recommended ---
2025-12-31 11:50:29,932 :    -> Checking for blocking popups...
2025-12-31 11:50:38,294 :    -> Found 47 checkboxes. Selecting 5...
2025-12-31 11:50:38,295 :    -> Checking for blocking popups...
2025-12-31 11:50:47,042 :    -> Checking for blocking popups...
2025-12-31 11:50:55,890 :    -> Checking for blocking popups...
2025-12-31 11:51:04,676 :    -> Checking for blocking popups...
2025-12-31 11:51:13,547 :    -> Checking for blocking popups...
2025-12-31 11:51:22,527 :    -> Found Button: 'Apply 5 Jobs'
2025-12-31 11:51:24,629 :    -> Checking for blocking popups...
2025-12-31 11:51:25,674 :    -> Found Close Button (//div[contains(@class, 'crossIcon')]). Clicking...
2025-12-31 11:51:29,705 : Batch limit reached. Sleeping for 296 seconds...
2025-12-31 11:56:25,753 : 
=== BATCH SESSION 4 ===
2025-12-31 11:56:29,915 : 
--- Scanning: Recommended ---
2025-12-31 11:56:32,921 :    -> Checking for blocking popups...
2025-12-31 11:56:41,377 :    -> Found 47 checkboxes. Selecting 5...
2025-12-31 11:56:41,377 :    -> Checking for blocking popups...
2025-12-31 11:56:50,151 :    -> Checking for blocking popups...
2025-12-31 11:56:58,915 :    -> Checking for blocking popups...
2025-12-31 11:57:07,721 :    -> Checking for blocking popups...
2025-12-31 11:57:16,499 :    -> Checking for blocking popups...
2025-12-31 11:57:25,300 :    -> Found Button: 'Apply 5 Jobs'
2025-12-31 11:57:27,421 :    -> Checking for blocking popups...
2025-12-31 11:57:28,482 :    -> Found Close Button (//div[contains(@class, 'crossIcon')]). Clicking...
2025-12-31 11:57:32,511 : Batch limit reached. Sleeping for 192 seconds...
2025-12-31 12:00:44,562 : 
=== BATCH SESSION 5 ===
2025-12-31 12:00:46,653 : 
--- Scanning: Recommended ---
2025-12-31 12:00:49,656 :    -> Checking for blocking popups...
2025-12-31 12:00:58,030 :    -> Found 47 checkboxes. Selecting 5...
2025-12-31 12:00:58,031 :    -> Checking for blocking popups...
2025-12-31 12:01:06,750 :    -> Checking for blocking popups...
2025-12-31 12:01:15,567 :    -> Checking for blocking popups...
2025-12-31 12:01:24,358 :    -> Checking for blocking popups...
2025-12-31 12:01:33,130 :    -> Checking for blocking popups...
2025-12-31 12:01:41,990 :    -> Found Button: 'Apply 5 Jobs'
2025-12-31 12:01:44,064 :    -> Checking for blocking popups...
2025-12-31 12:01:45,110 :    -> Found Close Button (//div[contains(@class, 'crossIcon')]). Clicking...
2025-12-31 12:01:49,140 : Batch limit reached. Sleeping for 182 seconds...
2025-12-31 12:04:51,207 : 
=== BATCH SESSION 6 ===
2025-12-31 12:04:53,119 : 
--- Scanning: Recommended ---
2025-12-31 12:04:56,121 :    -> Checking for blocking popups...
2025-12-31 12:05:04,698 :    -> Found 47 checkboxes. Selecting 5...
2025-12-31 12:05:04,698 :    -> Checking for blocking popups...
2025-12-31 12:05:13,681 :    -> Checking for blocking popups...
2025-12-31 12:05:22,856 :    -> Checking for blocking popups...
2025-12-31 12:05:31,926 :    -> Checking for blocking popups...
2025-12-31 12:05:40,933 :    -> Checking for blocking popups...
2025-12-31 12:05:50,056 :    -> Found Button: 'Apply 5 Jobs'
2025-12-31 12:05:52,232 :    -> Checking for blocking popups...
2025-12-31 12:05:53,324 :    -> Found Close Button (//div[contains(@class, 'crossIcon')]). Clicking...
2025-12-31 12:05:57,399 : Batch limit reached. Sleeping for 286 seconds...
2025-12-31 12:10:43,536 : 
=== BATCH SESSION 7 ===
2025-12-31 12:10:47,525 : 
--- Scanning: Recommended ---
2025-12-31 12:10:50,528 :    -> Checking for blocking popups...
2025-12-31 12:10:59,486 :    -> Found 47 checkboxes. Selecting 5...
2025-12-31 12:10:59,487 :    -> Checking for blocking popups...
2025-12-31 12:11:09,379 :    -> Checking for blocking popups...
2025-12-31 12:11:18,870 :    -> Checking for blocking popups...
2025-12-31 12:11:28,313 :    -> Checking for blocking popups...
2025-12-31 12:11:37,683 :    -> Checking for blocking popups...
2025-12-31 12:11:47,493 :    -> Found Button: 'Apply 5 Jobs'
2025-12-31 12:11:49,772 :    -> Checking for blocking popups...
2025-12-31 12:11:50,908 :    -> Found Close Button (//div[contains(@class, 'crossIcon')]). Clicking...
2025-12-31 12:11:55,016 : Batch limit reached. Sleeping for 256 seconds...
2025-12-31 12:16:11,098 : 
=== BATCH SESSION 8 ===
2025-12-31 12:16:14,453 : 
--- Scanning: Recommended ---
2025-12-31 12:16:17,456 :    -> Checking for blocking popups...
2025-12-31 12:16:26,051 :    -> Found 47 checkboxes. Selecting 5...
2025-12-31 12:16:26,051 :    -> Checking for blocking popups...
2025-12-31 12:16:35,079 :    -> Checking for blocking popups...
2025-12-31 12:16:44,062 :    -> Checking for blocking popups...
2025-12-31 12:16:53,233 :    -> Checking for blocking popups...
2025-12-31 12:17:02,367 :    -> Checking for blocking popups...
2025-12-31 12:17:11,975 :    -> Found Button: 'Apply 5 Jobs'
2025-12-31 12:17:14,182 :    -> Checking for blocking popups...
2025-12-31 12:17:15,268 :    -> Found Close Button (//div[contains(@class, 'crossIcon')]). Clicking...
2025-12-31 12:17:19,365 : Batch limit reached. Sleeping for 186 seconds...
2025-12-31 12:20:25,416 : 
=== BATCH SESSION 9 ===
2025-12-31 12:20:28,240 : 
--- Scanning: Recommended ---
2025-12-31 12:20:31,242 :    -> Checking for blocking popups...
2025-12-31 12:20:39,822 :    -> Found 47 checkboxes. Selecting 5...
2025-12-31 12:20:39,822 :    -> Checking for blocking popups...
2025-12-31 12:20:48,808 :    -> Checking for blocking popups...
2025-12-31 12:20:58,111 :    -> Checking for blocking popups...
2025-12-31 12:21:07,699 :    -> Checking for blocking popups...
2025-12-31 12:21:17,013 :    -> Checking for blocking popups...
2025-12-31 12:21:26,315 :    -> Found Button: 'Apply 5 Jobs'
2025-12-31 12:21:28,496 :    -> Checking for blocking popups...
2025-12-31 12:21:29,553 :    -> Found Close Button (//div[contains(@class, 'crossIcon')]). Clicking...
2025-12-31 12:21:33,621 : Batch limit reached. Sleeping for 187 seconds...
2025-12-31 12:24:40,673 : 
=== BATCH SESSION 10 ===
2025-12-31 12:24:40,811 : Critical Error: Message: invalid session id: session deleted as the browser has closed the connection
from disconnected: not connected to DevTools
  (Session info: chrome=143.0.7499.110); For documentation on this error, please visit: https://www.selenium.dev/documentation/webdriver/troubleshooting/errors#invalidsessionidexception
Stacktrace:
Symbols not available. Dumping unresolved backtrace:
	0x7ff6ae1688e5
	0x7ff6ae168940
	0x7ff6adf4165d
	0x7ff6adf2d202
	0x7ff6adf527af
	0x7ff6adfc9a29
	0x7ff6adfea5c2
	0x7ff6adf8ac29
	0x7ff6adf8ba93
	0x7ff6ae480640
	0x7ff6ae47af80
	0x7ff6ae4996e6
	0x7ff6ae185de4
	0x7ff6ae18ed8c
	0x7ff6ae172004
	0x7ff6ae1721b5
	0x7ff6ae157ee2
	0x7ffa16e6e8d7
	0x7ffa172cc53c

2025-12-31 12:24:43,684 : Driver closed.
2025-12-31 12:57:36,613 : === Starting Naukri Batch Applicant ===
2025-12-31 12:57:38,931 : Logging in...
2025-12-31 12:57:45,322 :    -> Checking for blocking popups...
2025-12-31 12:57:48,869 : Script stopped by user.
