2025-12-29 17:15:28,398    : -----Naukri.py Script Run Begin-----
2025-12-29 17:15:31,050    : Google Chrome Launched!
2025-12-29 17:15:33,903    : 
2025-12-29 17:15:33,922    : Website Loaded Successfully.
2025-12-29 17:15:52,687    : Element not found with XPATH : //*[contains(@class, 'cross-icon') or @alt='cross-icon']
2025-12-29 17:15:57,734    : Element not found with XPATH : //*[text() = 'SKIP AND CONTINUE']
2025-12-29 17:15:58,762    : Naukri Login Successful
2025-12-29 17:16:11,350    : Element not found with XPATH : //*[contains(@class, 'crossIcon')]
2025-12-29 17:16:22,717    : Element not found with XPATH : //*[@name='mobile'] | //*[@id='mob_number']
2025-12-29 17:16:25,745    : Element not found with XPATH : //*[@name='mobile'] | //*[@id='mob_number']
2025-12-29 17:16:26,873    : Profile Update Successful
2025-12-29 17:16:44,961    : Element not found with XPATH : //*[contains(@class, 'crossIcon')]
2025-12-29 17:16:52,404    : Element not found with ID : //button[@type='button']
2025-12-29 17:16:53,506    : Resume Document Upload Successful. Last Updated date = Uploaded on Dec 29, 2025
2025-12-29 17:16:56,700    : Drawer menu opened
2025-12-29 17:16:59,360    : Logout Successful
2025-12-29 17:17:02,930    : Driver Closed Successfully
2025-12-29 17:17:05,251    : Driver Quit Successfully
2025-12-29 17:17:05,252    : -----Naukri.py Script Run Ended-----

2025-12-29 17:41:44,132    : -----Naukri.py Script Run Begin-----
2025-12-29 17:41:46,213    : Google Chrome Launched!
2025-12-29 17:41:49,074    : Jobseeker's Login: Search the Best Jobs available in India & Abroad - Naukri.com
2025-12-29 17:41:49,083    : Website Loaded Successfully.
2025-12-29 17:42:06,981    : Element not found with XPATH : //*[contains(@class, 'cross-icon') or @alt='cross-icon']
2025-12-29 17:42:12,013    : Element not found with XPATH : //*[text() = 'SKIP AND CONTINUE']
2025-12-29 17:42:13,082    : Naukri Login Successful
2025-12-29 17:42:15,225    : <class 'selenium.common.exceptions.ElementClickInterceptedException'> : Message: element click intercepted: Element <a href="/mnjuser/profile">...</a> is not clickable at point (187, 304). Other element would receive the click: <div id="_ve47c06w62" class="chatbot_Overlay show"></div>
  (Session info: chrome=143.0.7499.110); For documentation on this error, please visit: https://www.selenium.dev/documentation/webdriver/troubleshooting/errors#elementclickinterceptedexception
Stacktrace:
Symbols not available. Dumping unresolved backtrace:
	0x7ff7b34e88e5
	0x7ff7b34e8940
	0x7ff7b32c165d
	0x7ff7b33219e8
	0x7ff7b331f40f
	0x7ff7b331c417
	0x7ff7b331b338
	0x7ff7b330ce7f
	0x7ff7b3341fda
	0x7ff7b330c746
	0x7ff7b336ac97
	0x7ff7b330ac29
	0x7ff7b330ba93
	0x7ff7b3800640
	0x7ff7b37faf80
	0x7ff7b38196e6
	0x7ff7b3505de4
	0x7ff7b350ed8c
	0x7ff7b34f2004
	0x7ff7b34f21b5
	0x7ff7b34d7ee2
	0x7ffa16e6e8d7
	0x7ffa172cc53c
 at Line 323.
2025-12-29 17:42:28,441    : Element not found with XPATH : //*[contains(@class, 'crossIcon')]
2025-12-29 17:42:35,851    : Element not found with ID : //button[@type='button']
2025-12-29 17:42:36,886    : Resume Document Upload Successful. Last Updated date = Uploaded on Dec 29, 2025
2025-12-29 17:42:39,985    : Drawer menu opened
2025-12-29 17:42:42,598    : Logout Successful
2025-12-29 17:42:45,983    : Driver Closed Successfully
2025-12-29 17:42:48,238    : Driver Quit Successfully
2025-12-29 17:42:48,238    : -----Naukri.py Script Run Ended-----

2025-12-29 17:51:07,463    : -----Naukri.py Script Run Begin-----
2025-12-29 17:51:10,944    : Google Chrome Launched!
2025-12-29 17:51:13,778    : Jobseeker's Login: Search the Best Jobs available in India & Abroad - Naukri.com
2025-12-29 17:51:13,797    : Website Loaded Successfully.
2025-12-29 17:51:31,623    : Element not found with XPATH : //*[contains(@class, 'cross-icon') or @alt='cross-icon']
2025-12-29 17:51:36,672    : Element not found with XPATH : //*[text() = 'SKIP AND CONTINUE']
2025-12-29 17:51:37,717    : Naukri Login Successful
2025-12-29 17:51:37,719    : Waiting for 335.38 seconds (random delay between 3-10 minutes)...
2025-12-29 17:57:15,661    : <class 'selenium.common.exceptions.ElementClickInterceptedException'> : Message: element click intercepted: Element <a href="/mnjuser/profile">...</a> is not clickable at point (187, 304). Other element would receive the click: <div id="_apla2yspk2" class="chatbot_Overlay show"></div>
  (Session info: chrome=143.0.7499.110); For documentation on this error, please visit: https://www.selenium.dev/documentation/webdriver/troubleshooting/errors#elementclickinterceptedexception
Stacktrace:
Symbols not available. Dumping unresolved backtrace:
	0x7ff6769988e5
	0x7ff676998940
	0x7ff67677165d
	0x7ff6767d19e8
	0x7ff6767cf40f
	0x7ff6767cc417
	0x7ff6767cb338
	0x7ff6767bce7f
	0x7ff6767f1fda
	0x7ff6767bc746
	0x7ff67681ac97
	0x7ff6767bac29
	0x7ff6767bba93
	0x7ff676cb0640
	0x7ff676caaf80
	0x7ff676cc96e6
	0x7ff6769b5de4
	0x7ff6769bed8c
	0x7ff6769a2004
	0x7ff6769a21b5
	0x7ff676987ee2
	0x7ffa16e6e8d7
	0x7ffa172cc53c
 at Line 323.
2025-12-29 17:57:31,661    : Element not found with XPATH : //*[contains(@class, 'crossIcon')]
2025-12-29 17:57:49,012    : Element not found with ID : //button[@type='button']
2025-12-29 17:57:50,112    : Resume Document Upload Successful. Last Updated date = Uploaded on Dec 29, 2025
2025-12-29 17:57:53,379    : Drawer menu opened
2025-12-29 17:57:56,055    : Logout Successful
2025-12-29 17:58:05,895    : Driver Closed Successfully
2025-12-29 17:58:08,239    : Driver Quit Successfully
2025-12-29 17:58:08,239    : -----Naukri.py Script Run Ended-----

2025-12-29 18:17:59,857    : === Naukri Auto-Update Scheduler Started ===
2025-12-29 18:17:59,858    : Script will run every 15 minutes
2025-12-29 18:17:59,858    : Press Ctrl+C to stop the scheduler
2025-12-29 18:17:59,858    : Running initial update...
2025-12-29 18:17:59,859    : -----Naukri.py Script Run Begin-----
2025-12-29 18:18:03,679    : Google Chrome Launched!
2025-12-29 18:18:09,646    : Jobseeker's Login: Search the Best Jobs available in India & Abroad - Naukri.com
2025-12-29 18:18:09,683    : Website Loaded Successfully.
2025-12-29 18:18:28,206    : Element not found with XPATH : //*[contains(@class, 'cross-icon') or @alt='cross-icon']
2025-12-29 18:18:33,355    : Element not found with XPATH : //*[text() = 'SKIP AND CONTINUE']
2025-12-29 18:18:34,469    : Naukri Login Successful
2025-12-29 18:18:34,478    : Waiting for 422.02 seconds (random delay between 3-10 minutes)...
2025-12-29 18:25:52,280    : Element not found with XPATH : //*[contains(@class, 'crossIcon')]
2025-12-29 18:26:03,857    : Element not found with XPATH : //*[@name='mobile'] | //*[@id='mob_number']
2025-12-29 18:26:06,916    : Element not found with XPATH : //*[@name='mobile'] | //*[@id='mob_number']
2025-12-29 18:26:08,167    : Profile Update Successful
2025-12-29 18:26:27,406    : Element not found with XPATH : //*[contains(@class, 'crossIcon')]
2025-12-29 18:26:35,039    : Element not found with ID : //button[@type='button']
2025-12-29 18:26:36,142    : Resume Document Upload Successful. Last Updated date = Uploaded on Dec 29, 2025
2025-12-29 18:26:39,419    : Drawer menu opened
2025-12-29 18:26:42,217    : Logout Successful
2025-12-29 18:26:46,199    : Driver Closed Successfully
2025-12-29 18:26:49,215    : Driver Quit Successfully
2025-12-29 18:26:49,216    : -----Naukri.py Script Run Ended-----

2025-12-29 18:41:49,920    : -----Naukri.py Script Run Begin-----
2025-12-29 18:41:58,217    : Google Chrome Launched!
2025-12-29 18:42:08,000    : Jobseeker's Login: Search the Best Jobs available in India & Abroad - Naukri.com
2025-12-29 18:42:08,025    : Website Loaded Successfully.
2025-12-29 18:42:30,406    : Element not found with XPATH : //*[contains(@class, 'cross-icon') or @alt='cross-icon']
2025-12-29 18:42:35,749    : Element not found with XPATH : //*[text() = 'SKIP AND CONTINUE']
2025-12-29 18:42:36,936    : Naukri Login Successful
2025-12-29 18:42:36,941    : Waiting for 459.57 seconds (random delay between 3-10 minutes)...
2025-12-29 18:47:43,544    : === Scheduler stopped by user ===
2025-12-29 18:50:19,711    : === Naukri Auto-Update Scheduler Started ===
2025-12-29 18:50:19,712    : -----Naukri.py Script Run Begin-----
2025-12-29 18:50:19,713    : Could not rotate Tor IP (Requires 'stem' library and configured Tor): No module named 'stem'
2025-12-29 18:50:19,713    : Continuing with current IP...
2025-12-29 18:50:22,501    : Google Chrome Launched with Proxy!
2025-12-29 18:50:27,308    : <class 'selenium.common.exceptions.WebDriverException'> : Message: unknown error: net::ERR_PROXY_CONNECTION_FAILED
  (Session info: chrome=143.0.7499.110)
Stacktrace:
Symbols not available. Dumping unresolved backtrace:
	0x7ff626bf88e5
	0x7ff626bf8940
	0x7ff6269d165d
	0x7ff6269ce1dd
	0x7ff6269beb69
	0x7ff6269c0974
	0x7ff6269bf10f
	0x7ff6269be871
	0x7ff6269be5bd
	0x7ff6269bc20a
	0x7ff6269bc9f2
	0x7ff6269d5950
	0x7ff626a7bad4
	0x7ff626a51fda
	0x7ff626a7ac97
	0x7ff626a1ac29
	0x7ff626a1ba93
	0x7ff626f10640
	0x7ff626f0af80
	0x7ff626f296e6
	0x7ff626c15de4
	0x7ff626c1ed8c
	0x7ff626c02004
	0x7ff626c021b5
	0x7ff626be7ee2
	0x7ffa16e6e8d7
	0x7ffa172cc53c
 at Line 256.
2025-12-29 18:50:27,308    : -----Naukri.py Script Run Ended-----

2025-12-29 18:50:27,309    : Sleeping for 15 minutes...
2025-12-29 18:52:25,713    : === Naukri Auto-Update Scheduler Started ===
2025-12-29 18:52:25,715    : Script will run every 15 minutes
2025-12-29 18:52:25,715    : Press Ctrl+C to stop the scheduler
2025-12-29 18:52:25,718    : Running initial update...
2025-12-29 18:52:25,719    : -----Naukri.py Script Run Begin-----
2025-12-29 18:52:28,839    : Google Chrome Launched!
2025-12-29 18:52:32,463    : Jobseeker's Login: Search the Best Jobs available in India & Abroad - Naukri.com
2025-12-29 18:52:32,900    : Website Loaded Successfully.
2025-12-29 18:52:53,337    : Element not found with XPATH : //*[contains(@class, 'cross-icon') or @alt='cross-icon']
2025-12-29 18:52:58,365    : Element not found with XPATH : //*[text() = 'SKIP AND CONTINUE']
2025-12-29 18:52:59,400    : Naukri Login Successful
2025-12-29 18:52:59,403    : Waiting for 538.66 seconds (random delay between 3-10 minutes)...
2025-12-29 19:02:11,963    : Element not found with XPATH : //*[contains(@class, 'crossIcon')]
2025-12-29 19:02:23,548    : Element not found with XPATH : //*[@name='mobile'] | //*[@id='mob_number']
2025-12-29 19:02:26,625    : Element not found with XPATH : //*[@name='mobile'] | //*[@id='mob_number']
2025-12-29 19:02:27,869    : Profile Update Successful
2025-12-29 19:02:46,067    : Element not found with XPATH : //*[contains(@class, 'crossIcon')]
2025-12-29 19:02:53,456    : Element not found with ID : //button[@type='button']
2025-12-29 19:02:54,523    : Resume Document Upload Successful. Last Updated date = Uploaded on Dec 29, 2025
2025-12-29 19:02:57,646    : Drawer menu opened
2025-12-29 19:03:00,315    : Logout Successful
2025-12-29 19:03:04,155    : Driver Closed Successfully
2025-12-29 19:03:06,887    : Driver Quit Successfully
2025-12-29 19:03:06,890    : -----Naukri.py Script Run Ended-----

2025-12-29 19:12:36,132    : === Scheduler stopped by user ===
2025-12-29 19:12:40,494    : === Naukri Auto-Update Scheduler Started ===
2025-12-29 19:12:40,495    : Script will run every 15 minutes
2025-12-29 19:12:40,495    : Press Ctrl+C to stop the scheduler
2025-12-29 19:12:40,496    : Running initial update...
2025-12-29 19:12:40,496    : -----Naukri.py Script Run Begin-----
2025-12-29 19:12:40,496    : Launching CHROME...
2025-12-29 19:12:42,654    : CHROME Launched (Private Mode)!
2025-12-29 19:12:45,289    : Jobseeker's Login: Search the Best Jobs available in India & Abroad - Naukri.com
2025-12-29 19:12:45,313    : Website Loaded Successfully.
2025-12-29 19:13:03,291    : Element not found with XPATH : //*[contains(@class, 'cross-icon') or @alt='cross-icon']
2025-12-29 19:13:08,421    : Element not found with XPATH : //*[text() = 'SKIP AND CONTINUE']
2025-12-29 19:13:09,526    : Naukri Login Successful
2025-12-29 19:13:09,532    : Waiting for 441.28 seconds (random delay between 3-10 minutes)...
2025-12-29 19:20:52,224    : Element not found with XPATH : //*[contains(@class, 'crossIcon')]
2025-12-29 19:21:04,065    : Element not found with XPATH : //*[@name='mobile'] | //*[@id='mob_number']
2025-12-29 19:21:07,096    : Element not found with XPATH : //*[@name='mobile'] | //*[@id='mob_number']
2025-12-29 19:21:08,654    : Profile Update Successful
2025-12-29 19:21:27,578    : Element not found with XPATH : //*[contains(@class, 'crossIcon')]
2025-12-29 19:21:36,054    : Element not found with ID : //button[@type='button']
2025-12-29 19:21:37,270    : Resume Document Upload Successful. Last Updated date = Uploaded on Dec 29, 2025
2025-12-29 19:21:40,762    : Drawer menu opened
2025-12-29 19:21:49,003    : Logout Successful
2025-12-29 19:21:53,030    : Driver Closed Successfully
2025-12-29 19:21:56,710    : Driver Quit Successfully
2025-12-29 19:21:56,711    : -----Naukri.py Script Run Ended-----

2025-12-29 19:36:57,506    : -----Naukri.py Script Run Begin-----
2025-12-29 19:36:57,527    : Launching EDGE...
2025-12-29 19:37:10,505    : EDGE Launched (Private Mode)!
2025-12-29 19:37:13,866    : Jobseeker's Login: Search the Best Jobs available in India & Abroad - Naukri.com
2025-12-29 19:37:13,891    : Website Loaded Successfully.
2025-12-29 19:37:33,739    : Element not found with XPATH : //*[contains(@class, 'cross-icon') or @alt='cross-icon']
2025-12-29 19:37:38,969    : Element not found with XPATH : //*[text() = 'SKIP AND CONTINUE']
2025-12-29 19:37:40,131    : Naukri Login Successful
2025-12-29 19:37:40,141    : Waiting for 594.10 seconds (random delay between 3-10 minutes)...
2025-12-29 19:47:52,058    : Element not found with XPATH : //*[contains(@class, 'crossIcon')]
2025-12-29 19:48:04,148    : Element not found with XPATH : //*[@name='mobile'] | //*[@id='mob_number']
2025-12-29 19:48:07,225    : Element not found with XPATH : //*[@name='mobile'] | //*[@id='mob_number']
2025-12-29 19:48:11,382    : Profile Update Successful
2025-12-29 19:48:31,117    : Element not found with XPATH : //*[contains(@class, 'crossIcon')]
2025-12-29 19:48:38,772    : Element not found with ID : //button[@type='button']
2025-12-29 19:48:39,835    : Resume Document Upload Successful. Last Updated date = Uploaded on Dec 29, 2025
2025-12-29 19:48:43,606    : Drawer menu opened
2025-12-29 19:48:46,496    : Logout Successful
2025-12-29 19:48:53,871    : Driver Closed Successfully
2025-12-29 19:48:56,134    : Driver Quit Successfully
2025-12-29 19:48:56,135    : -----Naukri.py Script Run Ended-----

2025-12-29 20:03:56,796    : -----Naukri.py Script Run Begin-----
2025-12-29 20:03:56,809    : Launching CHROME...
2025-12-29 20:04:00,842    : CHROME Launched (Private Mode)!
2025-12-29 20:04:04,933    : Jobseeker's Login: Search the Best Jobs available in India & Abroad - Naukri.com
2025-12-29 20:04:04,943    : Website Loaded Successfully.
2025-12-29 20:04:23,650    : Element not found with XPATH : //*[contains(@class, 'cross-icon') or @alt='cross-icon']
2025-12-29 20:04:28,784    : Element not found with XPATH : //*[text() = 'SKIP AND CONTINUE']
2025-12-29 20:04:29,917    : Naukri Login Successful
2025-12-29 20:04:29,927    : Waiting for 521.89 seconds (random delay between 3-10 minutes)...
2025-12-29 20:12:43,599    : Retrying (Retry(total=2, connect=None, read=None, redirect=None, status=None)) after connection broken by 'NewConnectionError("HTTPConnection(host='localhost', port=59750): Failed to establish a new connection: [WinError 10061] No connection could be made because the target machine actively refused it")': /session/40e1e9ca715cc7175a16d1c2e21ddfcc/element
2025-12-29 20:12:45,638    : === Scheduler stopped by user ===
2025-12-30 16:37:59,149    : === Naukri Auto-Update Scheduler Started ===
2025-12-30 16:37:59,151    : Script will run every 15 minutes
2025-12-30 16:37:59,151    : Press Ctrl+C to stop the scheduler
2025-12-30 16:37:59,151    : Running initial update...
2025-12-30 16:37:59,152    : -----Naukri.py Script Run Begin-----
2025-12-30 16:37:59,152    : Launching EDGE...
2025-12-30 16:38:05,768    : EDGE Launched (Private Mode)!
2025-12-30 16:38:09,885    : Jobseeker's Login: Search the Best Jobs available in India & Abroad - Naukri.com
2025-12-30 16:38:09,913    : Website Loaded Successfully.
2025-12-30 16:38:29,693    : Element not found with XPATH : //*[contains(@class, 'cross-icon') or @alt='cross-icon']
2025-12-30 16:38:34,923    : Element not found with XPATH : //*[text() = 'SKIP AND CONTINUE']
2025-12-30 16:38:35,948    : Naukri Login Successful
2025-12-30 16:38:35,950    : Waiting for 252.46 seconds (random delay between 3-10 minutes)...
2025-12-30 16:43:02,119    : Element not found with XPATH : //*[contains(@class, 'crossIcon')]
2025-12-30 16:43:13,376    : Element not found with XPATH : //*[@name='mobile'] | //*[@id='mob_number']
2025-12-30 16:43:16,432    : Element not found with XPATH : //*[@name='mobile'] | //*[@id='mob_number']
2025-12-30 16:43:17,643    : Profile Update Successful
2025-12-30 16:43:35,992    : Element not found with XPATH : //*[contains(@class, 'crossIcon')]
2025-12-30 16:43:43,533    : Element not found with ID : //button[@type='button']
2025-12-30 16:43:44,577    : Resume Document Upload Successful. Last Updated date = Uploaded on Dec 30, 2025
2025-12-30 16:43:47,763    : Drawer menu opened
2025-12-30 16:43:50,434    : Logout Successful
2025-12-30 16:44:03,889    : Driver Closed Successfully
2025-12-30 16:44:06,162    : Driver Quit Successfully
2025-12-30 16:44:06,163    : -----Naukri.py Script Run Ended-----

2025-12-30 16:59:06,674    : -----Naukri.py Script Run Begin-----
2025-12-30 16:59:06,687    : Launching CHROME...
2025-12-30 16:59:10,151    : CHROME Launched (Private Mode)!
2025-12-30 16:59:14,143    : Jobseeker's Login: Search the Best Jobs available in India & Abroad - Naukri.com
2025-12-30 16:59:14,162    : Website Loaded Successfully.
2025-12-30 16:59:31,965    : Element not found with XPATH : //*[contains(@class, 'cross-icon') or @alt='cross-icon']
2025-12-30 16:59:37,007    : Element not found with XPATH : //*[text() = 'SKIP AND CONTINUE']
2025-12-30 16:59:38,037    : Naukri Login Successful
2025-12-30 16:59:38,039    : Waiting for 282.95 seconds (random delay between 3-10 minutes)...
2025-12-30 17:04:34,465    : Element not found with XPATH : //*[contains(@class, 'crossIcon')]
2025-12-30 17:04:45,680    : Element not found with XPATH : //*[@name='mobile'] | //*[@id='mob_number']
2025-12-30 17:04:48,745    : Element not found with XPATH : //*[@name='mobile'] | //*[@id='mob_number']
2025-12-30 17:04:49,903    : Profile Update Successful
2025-12-30 17:05:07,886    : Element not found with XPATH : //*[contains(@class, 'crossIcon')]
2025-12-30 17:05:15,243    : Element not found with ID : //button[@type='button']
2025-12-30 17:05:16,280    : Resume Document Upload Successful. Last Updated date = Uploaded on Dec 30, 2025
2025-12-30 17:05:19,400    : Drawer menu opened
2025-12-30 17:05:21,973    : Logout Successful
2025-12-30 17:05:26,164    : Driver Closed Successfully
2025-12-30 17:05:28,392    : Driver Quit Successfully
2025-12-30 17:05:28,393    : -----Naukri.py Script Run Ended-----

2025-12-30 17:20:28,916    : -----Naukri.py Script Run Begin-----
2025-12-30 17:20:28,925    : Launching CHROME...
2025-12-30 17:20:31,453    : CHROME Launched (Private Mode)!
2025-12-30 17:20:33,575    : Jobseeker's Login: Search the Best Jobs available in India & Abroad - Naukri.com
2025-12-30 17:20:33,594    : Website Loaded Successfully.
2025-12-30 17:20:51,556    : Element not found with XPATH : //*[contains(@class, 'cross-icon') or @alt='cross-icon']
2025-12-30 17:20:56,618    : Element not found with XPATH : //*[text() = 'SKIP AND CONTINUE']
2025-12-30 17:20:57,655    : Naukri Login Successful
2025-12-30 17:20:57,658    : Waiting for 578.16 seconds (random delay between 3-10 minutes)...
2025-12-30 17:30:48,181    : Element not found with XPATH : //*[contains(@class, 'crossIcon')]
2025-12-30 17:30:59,425    : Element not found with XPATH : //*[@name='mobile'] | //*[@id='mob_number']
2025-12-30 17:31:02,455    : Element not found with XPATH : //*[@name='mobile'] | //*[@id='mob_number']
2025-12-30 17:31:03,688    : Profile Update Successful
2025-12-30 17:31:21,641    : Element not found with XPATH : //*[contains(@class, 'crossIcon')]
2025-12-30 17:31:29,006    : Element not found with ID : //button[@type='button']
2025-12-30 17:31:30,083    : Resume Document Upload Successful. Last Updated date = Uploaded on Dec 30, 2025
2025-12-30 17:31:33,201    : Drawer menu opened
2025-12-30 17:31:35,848    : Logout Successful
2025-12-30 17:31:38,514    : Driver Closed Successfully
2025-12-30 17:31:40,776    : Driver Quit Successfully
2025-12-30 17:31:40,777    : -----Naukri.py Script Run Ended-----

2025-12-30 17:46:41,281    : -----Naukri.py Script Run Begin-----
2025-12-30 17:46:41,291    : Launching CHROME...
2025-12-30 17:46:43,812    : CHROME Launched (Private Mode)!
2025-12-30 17:46:45,142    : Jobseeker's Login: Search the Best Jobs available in India & Abroad - Naukri.com
2025-12-30 17:46:45,339    : Website Loaded Successfully.
2025-12-30 17:47:04,054    : Element not found with XPATH : //*[contains(@class, 'cross-icon') or @alt='cross-icon']
2025-12-30 17:47:09,108    : Element not found with XPATH : //*[text() = 'SKIP AND CONTINUE']
2025-12-30 17:47:10,155    : Naukri Login Successful
2025-12-30 17:47:10,166    : Waiting for 268.44 seconds (random delay between 3-10 minutes)...
2025-12-30 17:51:51,542    : Element not found with XPATH : //*[contains(@class, 'crossIcon')]
2025-12-30 17:52:02,805    : Element not found with XPATH : //*[@name='mobile'] | //*[@id='mob_number']
2025-12-30 17:52:05,843    : Element not found with XPATH : //*[@name='mobile'] | //*[@id='mob_number']
2025-12-30 17:52:07,007    : Profile Update Successful
2025-12-30 17:52:24,992    : Element not found with XPATH : //*[contains(@class, 'crossIcon')]
2025-12-30 17:52:32,352    : Element not found with ID : //button[@type='button']
2025-12-30 17:52:33,436    : Resume Document Upload Successful. Last Updated date = Uploaded on Dec 30, 2025
2025-12-30 17:52:36,559    : Drawer menu opened
2025-12-30 17:52:39,161    : Logout Successful
2025-12-30 17:52:42,759    : Driver Closed Successfully
2025-12-30 17:52:44,877    : Driver Quit Successfully
2025-12-30 17:52:44,878    : -----Naukri.py Script Run Ended-----

2025-12-30 18:07:45,439    : -----Naukri.py Script Run Begin-----
2025-12-30 18:07:45,449    : Launching CHROME...
2025-12-30 18:07:49,354    : CHROME Launched (Private Mode)!
2025-12-30 18:07:51,932    : Jobseeker's Login: Search the Best Jobs available in India & Abroad - Naukri.com
2025-12-30 18:07:51,951    : Website Loaded Successfully.
2025-12-30 18:08:09,792    : Element not found with XPATH : //*[contains(@class, 'cross-icon') or @alt='cross-icon']
2025-12-30 18:08:14,852    : Element not found with XPATH : //*[text() = 'SKIP AND CONTINUE']
2025-12-30 18:08:15,908    : Naukri Login Successful
2025-12-30 18:08:15,909    : Waiting for 446.11 seconds (random delay between 3-10 minutes)...
2025-12-30 18:15:54,899    : Element not found with XPATH : //*[contains(@class, 'crossIcon')]
2025-12-30 18:16:06,097    : Element not found with XPATH : //*[@name='mobile'] | //*[@id='mob_number']
2025-12-30 18:16:09,150    : Element not found with XPATH : //*[@name='mobile'] | //*[@id='mob_number']
2025-12-30 18:16:10,282    : Profile Update Successful
2025-12-30 18:16:28,287    : Element not found with XPATH : //*[contains(@class, 'crossIcon')]
2025-12-30 18:16:35,608    : Element not found with ID : //button[@type='button']
2025-12-30 18:16:36,667    : Resume Document Upload Successful. Last Updated date = Uploaded on Dec 30, 2025
2025-12-30 18:16:39,781    : Drawer menu opened
2025-12-30 18:16:42,390    : Logout Successful
2025-12-30 18:16:45,175    : Driver Closed Successfully
2025-12-30 18:16:47,266    : Driver Quit Successfully
2025-12-30 18:16:47,267    : -----Naukri.py Script Run Ended-----

2025-12-30 18:31:47,790    : -----Naukri.py Script Run Begin-----
2025-12-30 18:31:47,796    : Launching EDGE...
2025-12-30 18:31:50,312    : EDGE Launched (Private Mode)!
2025-12-30 18:31:52,304    : Jobseeker's Login: Search the Best Jobs available in India & Abroad - Naukri.com
2025-12-30 18:31:52,320    : Website Loaded Successfully.
2025-12-30 18:32:10,276    : Element not found with XPATH : //*[contains(@class, 'cross-icon') or @alt='cross-icon']
2025-12-30 18:32:15,328    : Element not found with XPATH : //*[text() = 'SKIP AND CONTINUE']
2025-12-30 18:32:16,366    : Naukri Login Successful
2025-12-30 18:32:16,367    : Waiting for 260.43 seconds (random delay between 3-10 minutes)...
2025-12-30 18:36:49,388    : Element not found with XPATH : //*[contains(@class, 'crossIcon')]
2025-12-30 18:37:00,683    : Element not found with XPATH : //*[@name='mobile'] | //*[@id='mob_number']
2025-12-30 18:37:03,752    : Element not found with XPATH : //*[@name='mobile'] | //*[@id='mob_number']
2025-12-30 18:37:04,925    : Profile Update Successful
2025-12-30 18:37:22,886    : Element not found with XPATH : //*[contains(@class, 'crossIcon')]
2025-12-30 18:37:30,215    : Element not found with ID : //button[@type='button']
2025-12-30 18:37:31,293    : Resume Document Upload Successful. Last Updated date = Uploaded on Dec 30, 2025
2025-12-30 18:37:34,498    : Drawer menu opened
2025-12-30 18:37:37,138    : Logout Successful
2025-12-30 18:37:39,463    : Driver Closed Successfully
2025-12-30 18:37:41,913    : Driver Quit Successfully
2025-12-30 18:37:41,914    : -----Naukri.py Script Run Ended-----

2025-12-30 18:52:42,455    : -----Naukri.py Script Run Begin-----
2025-12-30 18:52:42,462    : Launching EDGE...
2025-12-30 18:52:45,302    : EDGE Launched (Private Mode)!
2025-12-30 18:52:48,007    : Jobseeker's Login: Search the Best Jobs available in India & Abroad - Naukri.com
2025-12-30 18:52:48,030    : Website Loaded Successfully.
2025-12-30 18:53:05,984    : Element not found with XPATH : //*[contains(@class, 'cross-icon') or @alt='cross-icon']
2025-12-30 18:53:11,055    : Element not found with XPATH : //*[text() = 'SKIP AND CONTINUE']
2025-12-30 18:53:12,093    : Naukri Login Successful
2025-12-30 18:53:12,096    : Waiting for 581.48 seconds (random delay between 3-10 minutes)...
2025-12-30 19:01:25,487    : === Scheduler stopped by user ===
2025-12-31 13:04:15,780    : === Naukri Auto-Update Scheduler Started ===
2025-12-31 13:04:15,782    : Script will run every 15 minutes
2025-12-31 13:04:15,782    : Press Ctrl+C to stop the scheduler
2025-12-31 13:04:15,782    : Running initial update...
2025-12-31 13:04:15,782    : -----Naukri.py Script Run Begin-----
2025-12-31 13:04:15,783    : Launching CHROME...
2025-12-31 13:04:17,843    : CHROME Launched (Private Mode)!
2025-12-31 13:04:19,834    : Jobseeker's Login: Search the Best Jobs available in India & Abroad - Naukri.com
2025-12-31 13:04:19,843    : Website Loaded Successfully.
2025-12-31 13:04:37,631    : Element not found with XPATH : //*[contains(@class, 'cross-icon') or @alt='cross-icon']
2025-12-31 13:04:42,670    : Element not found with XPATH : //*[text() = 'SKIP AND CONTINUE']
2025-12-31 13:04:43,723    : Naukri Login Successful
2025-12-31 13:04:43,724    : Waiting for 307.74 seconds (random delay between 3-10 minutes)...
2025-12-31 13:04:46,819    : Logout error: ('Connection aborted.', ConnectionResetError(10054, 'An existing connection was forcibly closed by the remote host', None, 10054, None))
2025-12-31 13:11:21,994    : === Naukri Auto-Update Scheduler Started ===
2025-12-31 13:11:21,996    : Script will run every 15 minutes
2025-12-31 13:11:21,996    : Press Ctrl+C to stop the scheduler
2025-12-31 13:11:21,997    : Running initial update...
2025-12-31 13:11:21,997    : -----Naukri.py Script Run Begin-----
2025-12-31 13:11:21,997    : Launching CHROME...
2025-12-31 13:11:24,429    : CHROME Launched (Private Mode)!
2025-12-31 13:11:27,110    : Jobseeker's Login: Search the Best Jobs available in India & Abroad - Naukri.com
2025-12-31 13:11:27,134    : Website Loaded Successfully.
2025-12-31 13:11:45,441    : Element not found with XPATH : //*[contains(@class, 'cross-icon') or @alt='cross-icon']
2025-12-31 13:11:50,496    : Element not found with XPATH : //*[text() = 'SKIP AND CONTINUE']
2025-12-31 13:11:51,521    : Naukri Login Successful
2025-12-31 13:11:51,522    : Waiting for 496.13 seconds (random delay between 3-10 minutes)...
2025-12-31 13:20:22,021    : Element not found with XPATH : //*[contains(@class, 'crossIcon')]
2025-12-31 13:20:33,266    : Element not found with XPATH : //*[@name='mobile'] | //*[@id='mob_number']
2025-12-31 13:20:36,297    : Element not found with XPATH : //*[@name='mobile'] | //*[@id='mob_number']
2025-12-31 13:20:37,410    : Profile Update Successful
2025-12-31 13:20:55,641    : Element not found with XPATH : //*[contains(@class, 'crossIcon')]
2025-12-31 13:21:03,012    : Element not found with ID : //button[@type='button']
2025-12-31 13:21:04,067    : Resume Document Upload Successful. Last Updated date = Uploaded on Dec 31, 2025
2025-12-31 13:21:07,175    : Drawer menu opened
2025-12-31 13:21:09,811    : Logout Successful
2025-12-31 13:21:13,047    : Driver Closed Successfully
2025-12-31 13:21:15,374    : Driver Quit Successfully
2025-12-31 13:21:15,375    : -----Naukri.py Script Run Ended-----

2025-12-31 13:36:15,990    : -----Naukri.py Script Run Begin-----
2025-12-31 13:36:16,010    : Launching EDGE...
2025-12-31 13:36:19,268    : EDGE Launched (Private Mode)!
2025-12-31 13:36:20,143    : Jobseeker's Login: Search the Best Jobs available in India & Abroad - Naukri.com
2025-12-31 13:36:20,160    : Website Loaded Successfully.
2025-12-31 13:36:39,269    : Element not found with XPATH : //*[contains(@class, 'cross-icon') or @alt='cross-icon']
2025-12-31 13:36:44,353    : Element not found with XPATH : //*[text() = 'SKIP AND CONTINUE']
2025-12-31 13:36:45,413    : Naukri Login Successful
2025-12-31 13:36:45,417    : Waiting for 444.19 seconds (random delay between 3-10 minutes)...
2025-12-31 13:44:25,265    : Element not found with XPATH : //*[contains(@class, 'crossIcon')]
2025-12-31 13:44:36,819    : Element not found with XPATH : //*[@name='mobile'] | //*[@id='mob_number']
2025-12-31 13:44:39,884    : Element not found with XPATH : //*[@name='mobile'] | //*[@id='mob_number']
2025-12-31 13:44:41,134    : Profile Update Successful
2025-12-31 13:45:00,769    : Element not found with XPATH : //*[contains(@class, 'crossIcon')]
2025-12-31 13:45:09,435    : Element not found with ID : //button[@type='button']
2025-12-31 13:45:10,698    : Resume Document Upload Successful. Last Updated date = Uploaded on Dec 31, 2025
2025-12-31 13:45:14,099    : Drawer menu opened
2025-12-31 13:45:16,920    : Logout Successful
2025-12-31 13:45:20,155    : Driver Closed Successfully
2025-12-31 13:45:23,043    : Driver Quit Successfully
2025-12-31 13:45:23,044    : -----Naukri.py Script Run Ended-----

2025-12-31 14:00:23,495    : -----Naukri.py Script Run Begin-----
2025-12-31 14:00:23,516    : Launching CHROME...
2025-12-31 14:00:26,805    : CHROME Launched (Private Mode)!
2025-12-31 14:00:30,887    : Jobseeker's Login: Search the Best Jobs available in India & Abroad - Naukri.com
2025-12-31 14:00:30,916    : Website Loaded Successfully.
2025-12-31 14:00:48,880    : Element not found with XPATH : //*[contains(@class, 'cross-icon') or @alt='cross-icon']
2025-12-31 14:00:53,978    : Element not found with XPATH : //*[text() = 'SKIP AND CONTINUE']
2025-12-31 14:00:55,047    : Naukri Login Successful
2025-12-31 14:00:55,051    : Waiting for 279.72 seconds (random delay between 3-10 minutes)...
2025-12-31 14:05:47,684    : Element not found with XPATH : //*[contains(@class, 'crossIcon')]
2025-12-31 14:05:59,086    : Element not found with XPATH : //*[@name='mobile'] | //*[@id='mob_number']
2025-12-31 14:06:02,141    : Element not found with XPATH : //*[@name='mobile'] | //*[@id='mob_number']
2025-12-31 14:06:03,398    : Profile Update Successful
2025-12-31 14:06:21,706    : Element not found with XPATH : //*[contains(@class, 'crossIcon')]
2025-12-31 14:06:29,299    : Element not found with ID : //button[@type='button']
2025-12-31 14:06:30,366    : Resume Document Upload Successful. Last Updated date = Uploaded on Dec 31, 2025
2025-12-31 14:06:33,556    : Drawer menu opened
2025-12-31 14:06:36,241    : Logout Successful
2025-12-31 14:06:39,701    : Driver Closed Successfully
2025-12-31 14:06:41,876    : Driver Quit Successfully
2025-12-31 14:06:41,876    : -----Naukri.py Script Run Ended-----

2025-12-31 14:21:42,280    : -----Naukri.py Script Run Begin-----
2025-12-31 14:21:42,298    : Launching CHROME...
2025-12-31 14:21:49,661    : CHROME Launched (Private Mode)!
2025-12-31 14:21:53,811    : Jobseeker's Login: Search the Best Jobs available in India & Abroad - Naukri.com
2025-12-31 14:21:53,824    : Website Loaded Successfully.
2025-12-31 14:22:13,374    : Element not found with XPATH : //*[contains(@class, 'cross-icon') or @alt='cross-icon']
2025-12-31 14:22:18,450    : Element not found with XPATH : //*[text() = 'SKIP AND CONTINUE']
2025-12-31 14:22:19,503    : Naukri Login Successful
2025-12-31 14:22:19,506    : Waiting for 539.28 seconds (random delay between 3-10 minutes)...
2025-12-31 14:31:34,462    : Element not found with XPATH : //*[contains(@class, 'crossIcon')]
2025-12-31 14:31:46,442    : Element not found with XPATH : //*[@name='mobile'] | //*[@id='mob_number']
2025-12-31 14:31:49,502    : Element not found with XPATH : //*[@name='mobile'] | //*[@id='mob_number']
2025-12-31 14:31:51,222    : Profile Update Successful
2025-12-31 14:32:10,319    : Element not found with XPATH : //*[contains(@class, 'crossIcon')]
2025-12-31 14:32:18,136    : Element not found with ID : //button[@type='button']
2025-12-31 14:32:19,229    : Resume Document Upload Successful. Last Updated date = Uploaded on Dec 31, 2025
2025-12-31 14:32:22,417    : Drawer menu opened
2025-12-31 14:32:25,413    : Logout Successful
2025-12-31 14:32:28,446    : Driver Closed Successfully
2025-12-31 14:32:30,907    : Driver Quit Successfully
2025-12-31 14:32:30,908    : -----Naukri.py Script Run Ended-----

2025-12-31 15:40:09,771    : -----Naukri.py Script Run Begin-----
2025-12-31 15:40:09,966    : Launching EDGE...
2025-12-31 21:17:57,583    : EDGE Launched (Private Mode)!
2025-12-31 21:18:00,098    : Jobseeker's Login: Search the Best Jobs available in India & Abroad - Naukri.com
2025-12-31 21:18:00,116    : Website Loaded Successfully.
2026-01-05 09:04:41,375    : === Naukri Auto-Update Scheduler Started ===
2026-01-05 09:04:41,376    : Script will run every 15 minutes
2026-01-05 09:04:41,376    : Press Ctrl+C to stop the scheduler
2026-01-05 09:04:41,376    : Running initial update...
2026-01-05 09:04:41,376    : -----Naukri.py Script Run Begin-----
2026-01-05 09:04:41,376    : Launching EDGE...
2026-01-05 09:04:43,638    : EDGE Launched (Private Mode)!
2026-01-05 09:04:46,445    : Jobseeker's Login: Search the Best Jobs available in India & Abroad - Naukri.com
2026-01-05 09:04:46,472    : Website Loaded Successfully.
2026-01-05 09:05:05,246    : Element not found with XPATH : //*[contains(@class, 'cross-icon') or @alt='cross-icon']
2026-01-05 09:05:10,311    : Element not found with XPATH : //*[text() = 'SKIP AND CONTINUE']
2026-01-05 09:05:11,403    : Naukri Login Successful
2026-01-05 09:05:11,406    : Waiting for 236.34 seconds (random delay between 3-10 minutes)...
2026-01-05 09:09:21,187    : Element not found with XPATH : //*[contains(@class, 'crossIcon')]
2026-01-05 09:09:32,472    : Element not found with XPATH : //*[@name='mobile'] | //*[@id='mob_number']
2026-01-05 09:09:35,484    : Element not found with XPATH : //*[@name='mobile'] | //*[@id='mob_number']
2026-01-05 09:09:36,683    : Profile Update Successful
2026-01-05 09:09:54,746    : Element not found with XPATH : //*[contains(@class, 'crossIcon')]
2026-01-05 09:10:02,133    : Element not found with ID : //button[@type='button']
2026-01-05 09:10:03,216    : Resume Document Upload Successful. Last Updated date = Uploaded on Jan 05, 2026
2026-01-05 09:10:06,347    : Drawer menu opened
2026-01-05 09:10:08,980    : Logout Successful
2026-01-05 09:10:11,776    : Driver Closed Successfully
2026-01-05 09:10:15,036    : Driver Quit Successfully
2026-01-05 09:10:15,037    : -----Naukri.py Script Run Ended-----

2026-01-05 09:25:15,506    : -----Naukri.py Script Run Begin-----
2026-01-05 09:25:15,515    : Launching CHROME...
2026-01-05 09:25:19,343    : CHROME Launched (Private Mode)!
2026-01-05 09:25:23,427    : Jobseeker's Login: Search the Best Jobs available in India & Abroad - Naukri.com
2026-01-05 09:25:23,443    : Website Loaded Successfully.
2026-01-05 09:25:41,342    : Element not found with XPATH : //*[contains(@class, 'cross-icon') or @alt='cross-icon']
2026-01-05 09:25:46,395    : Element not found with XPATH : //*[text() = 'SKIP AND CONTINUE']
2026-01-05 09:25:47,426    : Naukri Login Successful
2026-01-05 09:25:47,427    : Waiting for 557.82 seconds (random delay between 3-10 minutes)...
2026-01-05 09:35:19,201    : Element not found with XPATH : //*[contains(@class, 'crossIcon')]
2026-01-05 09:35:30,564    : Element not found with XPATH : //*[@name='mobile'] | //*[@id='mob_number']
2026-01-05 09:35:33,675    : Element not found with XPATH : //*[@name='mobile'] | //*[@id='mob_number']
2026-01-05 09:35:34,906    : Profile Update Successful
2026-01-05 09:35:52,795    : Element not found with XPATH : //*[contains(@class, 'crossIcon')]
2026-01-05 09:36:00,190    : Element not found with ID : //button[@type='button']
2026-01-05 09:36:01,267    : Resume Document Upload Successful. Last Updated date = Uploaded on Jan 05, 2026
2026-01-05 09:36:04,538    : Drawer menu opened
2026-01-05 09:36:07,227    : Logout Successful
2026-01-05 09:36:10,385    : Driver Closed Successfully
2026-01-05 09:36:12,514    : Driver Quit Successfully
2026-01-05 09:36:12,515    : -----Naukri.py Script Run Ended-----

2026-01-05 09:51:13,025    : -----Naukri.py Script Run Begin-----
2026-01-05 09:51:13,032    : Launching EDGE...
2026-01-05 09:51:15,393    : EDGE Launched (Private Mode)!
2026-01-05 09:51:17,611    : Jobseeker's Login: Search the Best Jobs available in India & Abroad - Naukri.com
2026-01-05 09:51:17,626    : Website Loaded Successfully.
2026-01-05 09:51:35,701    : Element not found with XPATH : //*[contains(@class, 'cross-icon') or @alt='cross-icon']
2026-01-05 09:51:40,742    : Element not found with XPATH : //*[text() = 'SKIP AND CONTINUE']
2026-01-05 09:51:41,789    : Naukri Login Successful
2026-01-05 09:51:41,792    : Waiting for 519.31 seconds (random delay between 3-10 minutes)...
2026-01-05 10:00:33,995    : Element not found with XPATH : //*[contains(@class, 'crossIcon')]
2026-01-05 10:00:45,255    : Element not found with XPATH : //*[@name='mobile'] | //*[@id='mob_number']
2026-01-05 10:00:48,313    : Element not found with XPATH : //*[@name='mobile'] | //*[@id='mob_number']
2026-01-05 10:00:49,502    : Profile Update Successful
2026-01-05 10:01:07,602    : Element not found with XPATH : //*[contains(@class, 'crossIcon')]
2026-01-05 10:01:15,257    : Element not found with ID : //button[@type='button']
2026-01-05 10:01:16,357    : Resume Document Upload Successful. Last Updated date = Uploaded on Jan 05, 2026
2026-01-05 10:01:19,485    : Drawer menu opened
2026-01-05 10:01:22,199    : Logout Successful
2026-01-05 10:01:24,941    : Driver Closed Successfully
2026-01-05 10:01:27,108    : Driver Quit Successfully
2026-01-05 10:01:27,108    : -----Naukri.py Script Run Ended-----

2026-01-05 10:16:27,620    : -----Naukri.py Script Run Begin-----
2026-01-05 10:16:27,629    : Launching CHROME...
2026-01-05 10:16:30,704    : CHROME Launched (Private Mode)!
2026-01-05 10:16:34,655    : Jobseeker's Login: Search the Best Jobs available in India & Abroad - Naukri.com
2026-01-05 10:16:34,670    : Website Loaded Successfully.
2026-01-05 10:16:52,860    : Element not found with XPATH : //*[contains(@class, 'cross-icon') or @alt='cross-icon']
2026-01-05 10:16:57,921    : Element not found with XPATH : //*[text() = 'SKIP AND CONTINUE']
2026-01-05 10:16:58,947    : Naukri Login Successful
2026-01-05 10:16:58,949    : Waiting for 378.19 seconds (random delay between 3-10 minutes)...
2026-01-05 10:23:30,267    : Element not found with XPATH : //*[contains(@class, 'crossIcon')]
2026-01-05 10:23:41,629    : Element not found with XPATH : //*[@name='mobile'] | //*[@id='mob_number']
2026-01-05 10:23:44,684    : Element not found with XPATH : //*[@name='mobile'] | //*[@id='mob_number']
2026-01-05 10:23:45,853    : Profile Update Successful
2026-01-05 10:24:03,981    : Element not found with XPATH : //*[contains(@class, 'crossIcon')]
2026-01-05 10:24:11,299    : Element not found with ID : //button[@type='button']
2026-01-05 10:24:12,383    : Resume Document Upload Successful. Last Updated date = Uploaded on Jan 05, 2026
2026-01-05 10:24:15,510    : Drawer menu opened
2026-01-05 10:24:18,121    : Logout Successful
2026-01-05 10:24:21,258    : Driver Closed Successfully
2026-01-05 10:24:23,434    : Driver Quit Successfully
2026-01-05 10:24:23,435    : -----Naukri.py Script Run Ended-----

2026-01-05 10:39:23,945    : -----Naukri.py Script Run Begin-----
2026-01-05 10:39:23,949    : Launching CHROME...
2026-01-05 10:39:27,709    : CHROME Launched (Private Mode)!
2026-01-05 10:39:31,227    : Jobseeker's Login: Search the Best Jobs available in India & Abroad - Naukri.com
2026-01-05 10:39:31,236    : Website Loaded Successfully.
2026-01-05 10:39:48,916    : Element not found with XPATH : //*[contains(@class, 'cross-icon') or @alt='cross-icon']
2026-01-05 10:39:53,977    : Element not found with XPATH : //*[text() = 'SKIP AND CONTINUE']
2026-01-05 10:39:54,998    : Naukri Login Successful
2026-01-05 10:39:54,999    : Waiting for 203.58 seconds (random delay between 3-10 minutes)...
2026-01-05 10:43:31,119    : Element not found with XPATH : //*[contains(@class, 'crossIcon')]
2026-01-05 10:43:42,433    : Element not found with XPATH : //*[@name='mobile'] | //*[@id='mob_number']
2026-01-05 10:43:45,487    : Element not found with XPATH : //*[@name='mobile'] | //*[@id='mob_number']
2026-01-05 10:43:46,648    : Profile Update Successful
2026-01-05 10:44:04,889    : Element not found with XPATH : //*[contains(@class, 'crossIcon')]
2026-01-05 10:44:12,319    : Element not found with ID : //button[@type='button']
2026-01-05 10:44:13,367    : Resume Document Upload Successful. Last Updated date = Uploaded on Jan 05, 2026
2026-01-05 10:44:16,544    : Drawer menu opened
2026-01-05 10:44:19,179    : Logout Successful
2026-01-05 10:44:22,121    : Driver Closed Successfully
2026-01-05 10:44:24,336    : Driver Quit Successfully
2026-01-05 10:44:24,337    : -----Naukri.py Script Run Ended-----

2026-01-05 10:59:24,849    : -----Naukri.py Script Run Begin-----
2026-01-05 10:59:24,852    : Launching CHROME...
2026-01-05 10:59:27,045    : CHROME Launched (Private Mode)!
2026-01-05 10:59:30,874    : Jobseeker's Login: Search the Best Jobs available in India & Abroad - Naukri.com
2026-01-05 10:59:30,885    : Website Loaded Successfully.
2026-01-05 10:59:48,488    : Element not found with XPATH : //*[contains(@class, 'cross-icon') or @alt='cross-icon']
2026-01-05 10:59:53,552    : Element not found with XPATH : //*[text() = 'SKIP AND CONTINUE']
2026-01-05 10:59:54,658    : Naukri Login Successful
2026-01-05 10:59:54,660    : Waiting for 417.19 seconds (random delay between 3-10 minutes)...
2026-01-05 11:07:05,276    : Element not found with XPATH : //*[contains(@class, 'crossIcon')]
2026-01-05 11:07:16,597    : Element not found with XPATH : //*[@name='mobile'] | //*[@id='mob_number']
2026-01-05 11:07:19,679    : Element not found with XPATH : //*[@name='mobile'] | //*[@id='mob_number']
2026-01-05 11:07:20,818    : Profile Update Successful
2026-01-05 11:07:38,727    : Element not found with XPATH : //*[contains(@class, 'crossIcon')]
2026-01-05 11:07:46,255    : Element not found with ID : //button[@type='button']
2026-01-05 11:07:47,330    : Resume Document Upload Successful. Last Updated date = Uploaded on Jan 05, 2026
2026-01-05 11:07:50,508    : Drawer menu opened
2026-01-05 11:07:53,117    : Logout Successful
2026-01-05 11:07:55,783    : Driver Closed Successfully
2026-01-05 11:07:58,057    : Driver Quit Successfully
2026-01-05 11:07:58,058    : -----Naukri.py Script Run Ended-----

2026-01-05 11:22:58,637    : -----Naukri.py Script Run Begin-----
2026-01-05 11:22:58,653    : Launching EDGE...
2026-01-05 11:23:01,325    : EDGE Launched (Private Mode)!
2026-01-05 11:23:03,390    : Jobseeker's Login: Search the Best Jobs available in India & Abroad - Naukri.com
2026-01-05 11:23:03,398    : Website Loaded Successfully.
2026-01-05 11:23:21,351    : Element not found with XPATH : //*[contains(@class, 'cross-icon') or @alt='cross-icon']
2026-01-05 11:23:26,426    : Element not found with XPATH : //*[text() = 'SKIP AND CONTINUE']
2026-01-05 11:23:27,467    : Naukri Login Successful
2026-01-05 11:23:27,468    : Waiting for 400.79 seconds (random delay between 3-10 minutes)...
2026-01-05 11:30:20,780    : Element not found with XPATH : //*[contains(@class, 'crossIcon')]
2026-01-05 11:30:32,033    : Element not found with XPATH : //*[@name='mobile'] | //*[@id='mob_number']
2026-01-05 11:30:35,092    : Element not found with XPATH : //*[@name='mobile'] | //*[@id='mob_number']
2026-01-05 11:30:36,239    : Profile Update Successful
2026-01-05 11:30:54,209    : Element not found with XPATH : //*[contains(@class, 'crossIcon')]
2026-01-05 11:31:01,579    : Element not found with ID : //button[@type='button']
2026-01-05 11:31:02,670    : Resume Document Upload Successful. Last Updated date = Uploaded on Jan 05, 2026
2026-01-05 11:31:05,784    : Drawer menu opened
2026-01-05 11:31:08,403    : Logout Successful
2026-01-05 11:31:10,940    : Driver Closed Successfully
2026-01-05 11:31:13,127    : Driver Quit Successfully
2026-01-05 11:31:13,127    : -----Naukri.py Script Run Ended-----

2026-01-05 11:46:13,687    : -----Naukri.py Script Run Begin-----
2026-01-05 11:46:13,692    : Launching CHROME...
2026-01-05 11:46:17,109    : CHROME Launched (Private Mode)!
2026-01-05 11:46:21,113    : Jobseeker's Login: Search the Best Jobs available in India & Abroad - Naukri.com
2026-01-05 11:46:21,133    : Website Loaded Successfully.
2026-01-05 11:46:39,072    : Element not found with XPATH : //*[contains(@class, 'cross-icon') or @alt='cross-icon']
2026-01-05 11:46:44,115    : Element not found with XPATH : //*[text() = 'SKIP AND CONTINUE']
2026-01-05 11:46:45,145    : Naukri Login Successful
2026-01-05 11:46:45,146    : Waiting for 415.19 seconds (random delay between 3-10 minutes)...
2026-01-05 11:53:52,739    : Element not found with XPATH : //*[contains(@class, 'crossIcon')]
2026-01-05 11:54:04,031    : Element not found with XPATH : //*[@name='mobile'] | //*[@id='mob_number']
2026-01-05 11:54:07,111    : Element not found with XPATH : //*[@name='mobile'] | //*[@id='mob_number']
2026-01-05 11:54:08,280    : Profile Update Successful
2026-01-05 11:54:26,001    : Element not found with XPATH : //*[contains(@class, 'crossIcon')]
2026-01-05 11:54:33,410    : Element not found with ID : //button[@type='button']
2026-01-05 11:54:34,466    : Resume Document Upload Successful. Last Updated date = Uploaded on Jan 05, 2026
2026-01-05 11:54:37,575    : Drawer menu opened
2026-01-05 11:54:40,206    : Logout Successful
2026-01-05 11:54:43,171    : Driver Closed Successfully
2026-01-05 11:54:45,308    : Driver Quit Successfully
2026-01-05 11:54:45,310    : -----Naukri.py Script Run Ended-----

2026-01-05 12:09:45,848    : -----Naukri.py Script Run Begin-----
2026-01-05 12:09:45,856    : Launching CHROME...
2026-01-05 12:09:48,838    : CHROME Launched (Private Mode)!
2026-01-05 12:09:52,212    : Jobseeker's Login: Search the Best Jobs available in India & Abroad - Naukri.com
2026-01-05 12:09:52,220    : Website Loaded Successfully.
2026-01-05 12:10:09,899    : Element not found with XPATH : //*[contains(@class, 'cross-icon') or @alt='cross-icon']
2026-01-05 12:10:14,955    : Element not found with XPATH : //*[text() = 'SKIP AND CONTINUE']
2026-01-05 12:10:15,998    : Naukri Login Successful
2026-01-05 12:10:16,000    : Waiting for 489.44 seconds (random delay between 3-10 minutes)...
2026-01-05 12:18:38,476    : Element not found with XPATH : //*[contains(@class, 'crossIcon')]
2026-01-05 12:18:49,732    : Element not found with XPATH : //*[@name='mobile'] | //*[@id='mob_number']
2026-01-05 12:18:52,753    : Element not found with XPATH : //*[@name='mobile'] | //*[@id='mob_number']
2026-01-05 12:18:53,904    : Profile Update Successful
2026-01-05 12:19:11,769    : Element not found with XPATH : //*[contains(@class, 'crossIcon')]
2026-01-05 12:19:19,229    : Element not found with ID : //button[@type='button']
2026-01-05 12:19:20,306    : Resume Document Upload Successful. Last Updated date = Uploaded on Jan 05, 2026
2026-01-05 12:19:23,539    : Drawer menu opened
2026-01-05 12:19:26,185    : Logout Successful
2026-01-05 12:19:29,305    : Driver Closed Successfully
2026-01-05 12:19:31,464    : Driver Quit Successfully
2026-01-05 12:19:31,465    : -----Naukri.py Script Run Ended-----

2026-01-05 12:34:32,012    : -----Naukri.py Script Run Begin-----
2026-01-05 12:34:32,015    : Launching EDGE...
2026-01-05 12:34:34,554    : EDGE Launched (Private Mode)!
2026-01-05 12:34:35,627    : Jobseeker's Login: Search the Best Jobs available in India & Abroad - Naukri.com
2026-01-05 12:34:35,652    : Website Loaded Successfully.
2026-01-05 12:34:54,405    : Element not found with XPATH : //*[contains(@class, 'cross-icon') or @alt='cross-icon']
2026-01-05 12:34:59,472    : Element not found with XPATH : //*[text() = 'SKIP AND CONTINUE']
2026-01-05 12:35:00,513    : Naukri Login Successful
2026-01-05 12:35:00,516    : Waiting for 184.61 seconds (random delay between 3-10 minutes)...
2026-01-05 12:38:17,247    : Element not found with XPATH : //*[contains(@class, 'crossIcon')]
2026-01-05 12:38:28,514    : Element not found with XPATH : //*[@name='mobile'] | //*[@id='mob_number']
2026-01-05 12:38:31,601    : Element not found with XPATH : //*[@name='mobile'] | //*[@id='mob_number']
2026-01-05 12:38:32,801    : Profile Update Successful
2026-01-05 12:38:50,637    : Element not found with XPATH : //*[contains(@class, 'crossIcon')]
2026-01-05 12:38:58,001    : Element not found with ID : //button[@type='button']
2026-01-05 12:38:59,058    : Resume Document Upload Successful. Last Updated date = Uploaded on Jan 05, 2026
2026-01-05 12:39:02,216    : Drawer menu opened
2026-01-05 12:39:04,829    : Logout Successful
2026-01-05 12:39:07,195    : Driver Closed Successfully
2026-01-05 12:39:09,378    : Driver Quit Successfully
2026-01-05 12:39:09,378    : -----Naukri.py Script Run Ended-----

2026-01-05 12:54:09,965    : -----Naukri.py Script Run Begin-----
2026-01-05 12:54:09,970    : Launching CHROME...
2026-01-05 12:54:15,069    : CHROME Launched (Private Mode)!
2026-01-05 12:54:18,964    : Jobseeker's Login: Search the Best Jobs available in India & Abroad - Naukri.com
2026-01-05 12:54:18,976    : Website Loaded Successfully.
2026-01-05 12:54:36,638    : Element not found with XPATH : //*[contains(@class, 'cross-icon') or @alt='cross-icon']
2026-01-05 12:54:41,685    : Element not found with XPATH : //*[text() = 'SKIP AND CONTINUE']
2026-01-05 12:54:42,749    : Naukri Login Successful
2026-01-05 12:54:42,757    : Waiting for 269.54 seconds (random delay between 3-10 minutes)...
2026-01-05 12:59:26,659    : Element not found with XPATH : //*[contains(@class, 'crossIcon')]
2026-01-05 12:59:38,283    : Element not found with XPATH : //*[@name='mobile'] | //*[@id='mob_number']
2026-01-05 12:59:41,360    : Element not found with XPATH : //*[@name='mobile'] | //*[@id='mob_number']
2026-01-05 12:59:42,607    : Profile Update Successful
2026-01-05 13:00:01,314    : Element not found with XPATH : //*[contains(@class, 'crossIcon')]
2026-01-05 13:00:09,216    : Element not found with ID : //button[@type='button']
2026-01-05 13:00:10,336    : Resume Document Upload Successful. Last Updated date = Uploaded on Jan 05, 2026
2026-01-05 13:00:13,688    : Drawer menu opened
2026-01-05 13:00:16,405    : Logout Successful
2026-01-05 13:00:20,098    : Driver Closed Successfully
2026-01-05 13:00:22,347    : Driver Quit Successfully
2026-01-05 13:00:22,348    : -----Naukri.py Script Run Ended-----

2026-01-05 13:15:22,849    : -----Naukri.py Script Run Begin-----
2026-01-05 13:15:22,856    : Launching EDGE...
2026-01-05 13:15:25,155    : EDGE Launched (Private Mode)!
2026-01-05 13:15:27,940    : Jobseeker's Login: Search the Best Jobs available in India & Abroad - Naukri.com
2026-01-05 13:15:27,952    : Website Loaded Successfully.
2026-01-05 13:15:45,637    : Element not found with XPATH : //*[contains(@class, 'cross-icon') or @alt='cross-icon']
2026-01-05 13:15:50,697    : Element not found with XPATH : //*[text() = 'SKIP AND CONTINUE']
2026-01-05 13:15:51,718    : Naukri Login Successful
2026-01-05 13:15:51,719    : Waiting for 380.50 seconds (random delay between 3-10 minutes)...
2026-01-05 13:22:24,703    : Element not found with XPATH : //*[contains(@class, 'crossIcon')]
2026-01-05 13:22:36,002    : Element not found with XPATH : //*[@name='mobile'] | //*[@id='mob_number']
2026-01-05 13:22:39,071    : Element not found with XPATH : //*[@name='mobile'] | //*[@id='mob_number']
2026-01-05 13:22:40,204    : Profile Update Successful
2026-01-05 13:22:57,976    : Element not found with XPATH : //*[contains(@class, 'crossIcon')]
2026-01-05 13:23:05,347    : Element not found with ID : //button[@type='button']
2026-01-05 13:23:06,398    : Resume Document Upload Successful. Last Updated date = Uploaded on Jan 05, 2026
2026-01-05 13:23:09,696    : Drawer menu opened
2026-01-05 13:23:12,342    : Logout Successful
2026-01-05 13:23:14,698    : Driver Closed Successfully
2026-01-05 13:23:16,981    : Driver Quit Successfully
2026-01-05 13:23:16,982    : -----Naukri.py Script Run Ended-----

2026-01-05 13:38:17,540    : -----Naukri.py Script Run Begin-----
2026-01-05 13:38:17,545    : Launching CHROME...
2026-01-05 13:38:20,317    : CHROME Launched (Private Mode)!
2026-01-05 13:38:24,127    : Jobseeker's Login: Search the Best Jobs available in India & Abroad - Naukri.com
2026-01-05 13:38:24,164    : Website Loaded Successfully.
2026-01-05 13:38:42,288    : Element not found with XPATH : //*[contains(@class, 'cross-icon') or @alt='cross-icon']
2026-01-05 13:38:47,354    : Element not found with XPATH : //*[text() = 'SKIP AND CONTINUE']
2026-01-05 13:38:48,382    : Naukri Login Successful
2026-01-05 13:38:48,383    : Waiting for 376.12 seconds (random delay between 3-10 minutes)...
2026-01-05 13:45:18,639    : Element not found with XPATH : //*[contains(@class, 'crossIcon')]
2026-01-05 13:45:29,926    : Element not found with XPATH : //*[@name='mobile'] | //*[@id='mob_number']
2026-01-05 13:45:32,976    : Element not found with XPATH : //*[@name='mobile'] | //*[@id='mob_number']
2026-01-05 13:45:34,167    : Profile Update Successful
2026-01-05 13:45:51,880    : Element not found with XPATH : //*[contains(@class, 'crossIcon')]
2026-01-05 13:45:59,221    : Element not found with ID : //button[@type='button']
2026-01-05 13:46:00,293    : Resume Document Upload Successful. Last Updated date = Uploaded on Jan 05, 2026
2026-01-05 13:46:03,415    : Drawer menu opened
2026-01-05 13:46:06,024    : Logout Successful
2026-01-05 13:46:09,067    : Driver Closed Successfully
2026-01-05 13:46:11,338    : Driver Quit Successfully
2026-01-05 13:46:11,339    : -----Naukri.py Script Run Ended-----

2026-01-05 14:01:11,909    : -----Naukri.py Script Run Begin-----
2026-01-05 14:01:11,915    : Launching CHROME...
2026-01-05 14:01:15,691    : CHROME Launched (Private Mode)!
2026-01-05 14:01:19,298    : Jobseeker's Login: Search the Best Jobs available in India & Abroad - Naukri.com
2026-01-05 14:01:19,308    : Website Loaded Successfully.
2026-01-05 14:01:37,033    : Element not found with XPATH : //*[contains(@class, 'cross-icon') or @alt='cross-icon']
2026-01-05 14:01:42,113    : Element not found with XPATH : //*[text() = 'SKIP AND CONTINUE']
2026-01-05 14:01:43,162    : Naukri Login Successful
2026-01-05 14:01:43,165    : Waiting for 264.50 seconds (random delay between 3-10 minutes)...
2026-01-05 14:06:20,514    : Element not found with XPATH : //*[contains(@class, 'crossIcon')]
2026-01-05 14:06:31,791    : Element not found with XPATH : //*[@name='mobile'] | //*[@id='mob_number']
2026-01-05 14:06:34,815    : Element not found with XPATH : //*[@name='mobile'] | //*[@id='mob_number']
2026-01-05 14:06:36,027    : Profile Update Successful
2026-01-05 14:06:55,155    : Element not found with XPATH : //*[contains(@class, 'crossIcon')]
2026-01-05 14:07:02,569    : Element not found with ID : //button[@type='button']
2026-01-05 14:07:03,637    : Resume Document Upload Successful. Last Updated date = Uploaded on Jan 05, 2026
2026-01-05 14:07:06,795    : Drawer menu opened
2026-01-05 14:07:09,433    : Logout Successful
2026-01-05 14:07:12,094    : Driver Closed Successfully
2026-01-05 14:07:14,343    : Driver Quit Successfully
2026-01-05 14:07:14,344    : -----Naukri.py Script Run Ended-----

2026-01-05 14:22:14,876    : -----Naukri.py Script Run Begin-----
2026-01-05 14:22:14,881    : Launching CHROME...
2026-01-05 14:22:17,830    : CHROME Launched (Private Mode)!
2026-01-05 14:22:21,544    : Jobseeker's Login: Search the Best Jobs available in India & Abroad - Naukri.com
2026-01-05 14:22:21,551    : Website Loaded Successfully.
2026-01-05 14:22:39,303    : Element not found with XPATH : //*[contains(@class, 'cross-icon') or @alt='cross-icon']
2026-01-05 14:22:44,365    : Element not found with XPATH : //*[text() = 'SKIP AND CONTINUE']
2026-01-05 14:22:45,434    : Naukri Login Successful
2026-01-05 14:22:45,436    : Waiting for 380.44 seconds (random delay between 3-10 minutes)...
2026-01-05 14:29:24,213    : Element not found with XPATH : //*[contains(@class, 'crossIcon')]
2026-01-05 14:29:35,548    : Element not found with XPATH : //*[@name='mobile'] | //*[@id='mob_number']
2026-01-05 14:29:38,602    : Element not found with XPATH : //*[@name='mobile'] | //*[@id='mob_number']
2026-01-05 14:29:39,720    : Profile Update Successful
2026-01-05 14:29:57,444    : Element not found with XPATH : //*[contains(@class, 'crossIcon')]
2026-01-05 14:30:04,930    : Element not found with ID : //button[@type='button']
2026-01-05 14:30:06,011    : Resume Document Upload Successful. Last Updated date = Uploaded on Jan 05, 2026
2026-01-05 14:30:09,269    : Drawer menu opened
2026-01-05 14:30:11,894    : Logout Successful
2026-01-05 14:30:14,699    : Driver Closed Successfully
2026-01-05 14:30:16,837    : Driver Quit Successfully
2026-01-05 14:30:16,838    : -----Naukri.py Script Run Ended-----

2026-01-05 14:45:17,402    : -----Naukri.py Script Run Begin-----
2026-01-05 14:45:17,407    : Launching CHROME...
2026-01-05 14:45:20,435    : CHROME Launched (Private Mode)!
2026-01-05 14:45:23,886    : Jobseeker's Login: Search the Best Jobs available in India & Abroad - Naukri.com
2026-01-05 14:45:23,896    : Website Loaded Successfully.
2026-01-05 14:45:41,816    : Element not found with XPATH : //*[contains(@class, 'cross-icon') or @alt='cross-icon']
2026-01-05 14:45:46,883    : Element not found with XPATH : //*[text() = 'SKIP AND CONTINUE']
2026-01-05 14:45:47,915    : Naukri Login Successful
2026-01-05 14:45:47,918    : Waiting for 470.53 seconds (random delay between 3-10 minutes)...
2026-01-05 14:53:52,262    : Element not found with XPATH : //*[contains(@class, 'crossIcon')]
2026-01-05 14:54:03,455    : Element not found with XPATH : //*[@name='mobile'] | //*[@id='mob_number']
2026-01-05 14:54:06,521    : Element not found with XPATH : //*[@name='mobile'] | //*[@id='mob_number']
2026-01-05 14:54:07,649    : Profile Update Successful
2026-01-05 14:54:26,633    : Element not found with XPATH : //*[contains(@class, 'crossIcon')]
2026-01-05 14:54:34,125    : Element not found with ID : //button[@type='button']
2026-01-05 14:54:35,193    : Resume Document Upload Successful. Last Updated date = Uploaded on Jan 05, 2026
2026-01-05 14:54:38,335    : Drawer menu opened
2026-01-05 14:54:40,932    : Logout Successful
2026-01-05 14:54:44,030    : Driver Closed Successfully
2026-01-05 14:54:46,466    : Driver Quit Successfully
2026-01-05 14:54:46,468    : -----Naukri.py Script Run Ended-----

2026-01-05 14:54:51,567    : === Scheduler stopped by user ===
2026-01-06 09:09:23,654    : === Naukri Auto-Update Scheduler Started ===
2026-01-06 09:09:23,655    : Script will run every 15 minutes
2026-01-06 09:09:23,655    : Press Ctrl+C to stop the scheduler
2026-01-06 09:09:23,655    : Running initial update...
2026-01-06 09:09:23,655    : -----Naukri.py Script Run Begin-----
2026-01-06 09:09:23,655    : Launching EDGE...
2026-01-06 09:09:25,885    : EDGE Launched (Private Mode)!
2026-01-06 09:09:28,280    : Jobseeker's Login: Search the Best Jobs available in India & Abroad - Naukri.com
2026-01-06 09:09:28,299    : Website Loaded Successfully.
2026-01-06 09:09:46,607    : Element not found with XPATH : //*[contains(@class, 'cross-icon') or @alt='cross-icon']
2026-01-06 09:09:51,700    : Element not found with XPATH : //*[text() = 'SKIP AND CONTINUE']
2026-01-06 09:09:52,725    : Naukri Login Successful
2026-01-06 09:09:52,727    : Waiting for 306.60 seconds (random delay between 3-10 minutes)...
2026-01-06 09:14:52,049    : Logout error: ('Connection aborted.', ConnectionResetError(10054, 'An existing connection was forcibly closed by the remote host', None, 10054, None))
